<?xml version="1.0" encoding="UTF-8"?>
<metadata xmlns="http://fedorahosted.org/xmvn/CONFIG/2.0.0">
    <uuid>1e5b4990-c4e3-42b4-9145-5b7783ab91a2</uuid>
    <artifacts>
        <artifact>
            <groupId>com.example</groupId>
            <artifactId>test</artifactId>
            <version>42</version>
            <path>???example.jar</path>
        </artifact>
    </artifacts>
</metadata>
